
Showing logs for build [32mcb-kubecd-queentranslucent1-mas-kxtbs-2[0m stage [32mfrom-build-pack[0m and container [32mstep-credential-initializer-dtrfz[0m
{"level":"warn","ts":1573133293.1753259,"logger":"fallback-logger","caller":"logging/config.go:69","msg":"Fetch GitHub commit ID from kodata failed: \"ref: refs/heads/master\" is not a valid GitHub commit ID"}
{"level":"info","ts":1573133293.176386,"logger":"fallback-logger","caller":"creds-init/main.go:40","msg":"Credentials initialized."}

Showing logs for build [32mcb-kubecd-queentranslucent1-mas-kxtbs-2[0m stage [32mfrom-build-pack[0m and container [32mstep-working-dir-initializer-vdlxk[0m
{"level":"warn","ts":1573133293.9433923,"logger":"fallback-logger","caller":"logging/config.go:69","msg":"Fetch GitHub commit ID from kodata failed: open /var/run/ko/HEAD: no such file or directory"}
{"level":"info","ts":1573133293.948777,"logger":"fallback-logger","caller":"bash/main.go:65","msg":"Successfully executed command \"mkdir -p /workspace/source\""}

Showing logs for build [32mcb-kubecd-queentranslucent1-mas-kxtbs-2[0m stage [32mfrom-build-pack[0m and container [32mstep-place-tools[0m

Showing logs for build [32mcb-kubecd-queentranslucent1-mas-kxtbs-2[0m stage [32mfrom-build-pack[0m and container [32mstep-git-source-cb-kubecd-queentranslucent1-mas-lkmbs[0m
{"level":"warn","ts":1573133300.9964914,"logger":"fallback-logger","caller":"logging/config.go:69","msg":"Fetch GitHub commit ID from kodata failed: \"ref: refs/heads/master\" is not a valid GitHub commit ID"}
{"level":"info","ts":1573133302.0921826,"logger":"fallback-logger","caller":"git/git.go:102","msg":"Successfully cloned https://github.com/cb-kubecd/queentranslucent1.git @ v0.0.2 in path /workspace/source"}

Showing logs for build [32mcb-kubecd-queentranslucent1-mas-kxtbs-2[0m stage [32mfrom-build-pack[0m and container [32mstep-git-merge[0m
Using SHAs from PULL_REFS=master:334edaf935db829e8502cf2b5814dbce033fa895
WARNING: no SHAs to merge, falling back to initial cloned commit

Showing logs for build [32mcb-kubecd-queentranslucent1-mas-kxtbs-2[0m stage [32mfrom-build-pack[0m and container [32mstep-setup-jx-git-credentials[0m
Generated Git credentials file /workspace/xdg_config/git/credentials

Showing logs for build [32mcb-kubecd-queentranslucent1-mas-kxtbs-2[0m stage [32mfrom-build-pack[0m and container [32mstep-build-npmrc[0m
WARNING: failed to find Secret npm-token in namespace **

Showing logs for build [32mcb-kubecd-queentranslucent1-mas-kxtbs-2[0m stage [32mfrom-build-pack[0m and container [32mstep-build-npm-install[0m
npm notice created a lockfile as package-lock.json. You should commit this file.
npm WARN REPLACE_ME@1.0.0 No repository field.
npm WARN REPLACE_ME@1.0.0 No license field.

up to date in 0.436s
found 0 vulnerabilities


Showing logs for build [32mcb-kubecd-queentranslucent1-mas-kxtbs-2[0m stage [32mfrom-build-pack[0m and container [32mstep-build-npm-test[0m

> REPLACE_ME@1.0.0 test /workspace/source
> echo "no test specified" && exit 0

no test specified

Showing logs for build [32mcb-kubecd-queentranslucent1-mas-kxtbs-2[0m stage [32mfrom-build-pack[0m and container [32mstep-build-container-build[0m
[36mINFO[0m[0000] Downloading base image node:9-slim           
ERROR: logging before flag.Parse: E1107 13:28:26.718830       9 metadata.go:142] while reading 'google-dockercfg' metadata: http status code: 404 while fetching url http://metadata.google.internal./computeMetadata/v1/instance/attributes/google-dockercfg
ERROR: logging before flag.Parse: E1107 13:28:26.723479       9 metadata.go:159] while reading 'google-dockercfg-url' metadata: http status code: 404 while fetching url http://metadata.google.internal./computeMetadata/v1/instance/attributes/google-dockercfg-url
2019/11/07 13:28:26 No matching credentials were found, falling back on anonymous
[36mINFO[0m[0001] Error while retrieving image from cache: getting file info: stat /workspace/sha256:0e0175bbe4f8d9d104590d8d2c591017874e30977cb71aaff1cf6fa99479575c: no such file or directory 
[36mINFO[0m[0001] Downloading base image node:9-slim           
2019/11/07 13:28:27 No matching credentials were found, falling back on anonymous
[36mINFO[0m[0002] Executing 0 build triggers                   
[36mINFO[0m[0002] cmd: EXPOSE                                  
[36mINFO[0m[0002] Adding exposed port: 8080/tcp                
[36mINFO[0m[0002] Using files from context: [/workspace/source] 
[36mINFO[0m[0002] Skipping unpacking as no commands require it. 
[36mINFO[0m[0002] Taking snapshot of full filesystem...        
[36mINFO[0m[0002] ENV PORT 8080                                
[36mINFO[0m[0002] No files changed in this command, skipping snapshotting. 
[36mINFO[0m[0002] EXPOSE 8080                                  
[36mINFO[0m[0002] cmd: EXPOSE                                  
[36mINFO[0m[0002] Adding exposed port: 8080/tcp                
[36mINFO[0m[0002] No files changed in this command, skipping snapshotting. 
[36mINFO[0m[0002] WORKDIR /usr/src/app                         
[36mINFO[0m[0002] cmd: workdir                                 
[36mINFO[0m[0002] Changed working directory to /usr/src/app    
[36mINFO[0m[0002] Creating directory /usr/src/app              
[36mINFO[0m[0002] Taking snapshot of files...                  
[36mINFO[0m[0002] Using files from context: [/workspace/source] 
[36mINFO[0m[0002] COPY . .                                     
[36mINFO[0m[0002] Taking snapshot of files...                  
[36mINFO[0m[0002] CMD ["npm", "start"]                         
[36mINFO[0m[0002] No files changed in this command, skipping snapshotting. 
2019/11/07 13:28:29 existing blob: sha256:196b8e3c919d5639193ba6c6e54774528942041bbc37606631a2250502985c3c
2019/11/07 13:28:29 existing blob: sha256:e01bd28a434b56ffd2a3fe9aa99b9b69aecca69904843edd30b1ee7150d79904
2019/11/07 13:28:29 existing blob: sha256:5bba3ecb4cd6374a19da45f2a3db0a9c0804984358b3bb4b666c28944016e5ff
2019/11/07 13:28:29 existing blob: sha256:a88538b9cd05cfa611e43a25582a95ad7879f6fa708b0386a26b71ee62235bb3
2019/11/07 13:28:29 existing blob: sha256:7d083412657baa2dafba8d093034ef26f9ed2c90fb6ed95f76bb55aff03ed429
2019/11/07 13:28:32 pushed blob: sha256:94e0765b80479424acc3637437f20dc0c56202fb005c6089b31fd07b8f76a189
2019/11/07 13:28:33 pushed blob: sha256:1455fa9c3c21d7806779a015e86b575384e97cc30b98d5142f8625089ec5da74
2019/11/07 13:28:33 pushed blob: sha256:1da287e98bd7e16e8919e66ca1081361d225c3c2a1465b9953f48b6c06549a4d
2019/11/07 13:28:34 gcr.io/jenkins-x-demo-238815/queentranslucent1:0.0.2: digest: sha256:e98c1375a781ac9806213a47dd91e09385f8d950fe33d3f70e5988e2fd448519 size: 1404

Showing logs for build [32mcb-kubecd-queentranslucent1-mas-kxtbs-2[0m stage [32mfrom-build-pack[0m and container [32mstep-build-post-build[0m
no CVE provider running in the current ** namespace so skip adding image to be analysed

Showing logs for build [32mcb-kubecd-queentranslucent1-mas-kxtbs-2[0m stage [32mfrom-build-pack[0m and container [32mstep-promote-changelog[0m
Converted /workspace/source/charts/queentranslucent1 to an unshallow repository
Generating change log from git ref aad7c3a7e2eafb993998af6111dff00120709a5c => d82d791cea398458d34e0a1f8ae4e0795eb536a0
WARNING: Failed to enrich commit fd51c935b3c7ea75b2c60e39e4f68e28578d5f2a with issues: selected more than one user from users.jenkins.io: [rawlingsj x-0]
WARNING: Failed to enrich commit fd51c935b3c7ea75b2c60e39e4f68e28578d5f2a with issues: selected more than one user from users.jenkins.io: [rawlingsj x-0]
Finding issues in commit messages using git format
WARNING: No release found for cb-kubecd/queentranslucent1 and tag v0.0.2 so creating a new release
Updated the release information at https://github.com/cb-kubecd/queentranslucent1/releases/tag/v0.0.2
generated: /workspace/source/charts/queentranslucent1/templates/release.yaml
Created Release queentranslucent1-0-0-2 resource in namespace **
Updating PipelineActivity cb-kubecd-queentranslucent1-master-2 with version 0.0.2
Updated PipelineActivities cb-kubecd-queentranslucent1-master-2 with release notes URL: https://github.com/cb-kubecd/queentranslucent1/releases/tag/v0.0.2

Showing logs for build [32mcb-kubecd-queentranslucent1-mas-kxtbs-2[0m stage [32mfrom-build-pack[0m and container [32mstep-promote-helm-release[0m
WARNING: No $CHART_REPOSITORY defined so using the default value of: http://jenkins-x-chartmuseum:8080
Adding missing Helm repo: storage.googleapis.com https://storage.googleapis.com/chartmuseum.jenkins-x.io
Successfully added Helm repository storage.googleapis.com.
Adding missing Helm repo: jenkins-x-chartmuseum http://jenkins-x-chartmuseum:8080
Successfully added Helm repository jenkins-x-chartmuseum.
WARNING: No $CHART_REPOSITORY defined so using the default value of: http://jenkins-x-chartmuseum:8080
Uploading chart file queentranslucent1-0.0.2.tgz to http://jenkins-x-chartmuseum:8080/api/charts
Received 201 response: {"saved":true}

Showing logs for build [32mcb-kubecd-queentranslucent1-mas-kxtbs-2[0m stage [32mfrom-build-pack[0m and container [32mstep-promote-jx-promote[0m
WARNING: prow based install so skip waiting for the merge of Pull Requests to go green as currently there is an issue with gettingstatuses from the PR, see https://github.com/jenkins-x/**/issues/2410
WARNING: No $CHART_REPOSITORY defined so using the default value of: http://jenkins-x-chartmuseum:8080
Promoting app queentranslucent1 version 0.0.2 to namespace **-staging
Created Pull Request: https://github.com/cb-kubecd/environment-queentranslucent-staging/pull/2
Added label updatebot to Pull Request https://github.com/cb-kubecd/environment-queentranslucent-staging/pull/2
got git provider status pending from PR https://github.com/cb-kubecd/environment-queentranslucent-staging/pull/2
got git provider status pending from PR https://github.com/cb-kubecd/environment-queentranslucent-staging/pull/2
got git provider status pending from PR https://github.com/cb-kubecd/environment-queentranslucent-staging/pull/2
got git provider status pending from PR https://github.com/cb-kubecd/environment-queentranslucent-staging/pull/2
Pull Request https://github.com/cb-kubecd/environment-queentranslucent-staging/pull/2 is merged at sha c23850fbe2d1d6be0c9e97006c457ceb1c71adec
Pull Request merged but we are not waiting for the update pipeline to complete!
